<?xml version="1.0" encoding="UTF-8"?>
<!-- Generated by org.testng.reporters.JUnitReportReporter -->
<testsuite hostname="DESKTOP-H3RN2SF" failures="0" tests="1" name="test.FirstProgram" time="0.020" errors="0" timestamp="2024-03-30T18:23:52 IST" skipped="0">
  <testcase classname="test.FirstProgram" name="display" time="0.020"/>
  <system-out/>
</testsuite> <!-- test.FirstProgram -->
