<?xml version="1.0" encoding="UTF-8"?>
<!-- Generated by org.testng.reporters.JUnitReportReporter -->
<testsuite hostname="DESKTOP-H3RN2SF" failures="0" tests="1" name="com.dev.test.FirstPgm" time="0.019" errors="0" timestamp="2024-04-01T00:21:45 IST" skipped="0">
  <testcase classname="com.dev.test.FirstPgm" name="display" time="0.019"/>
  <system-out/>
</testsuite> <!-- com.dev.test.FirstPgm -->
