<?xml version="1.0" encoding="UTF-8"?>
<!-- Generated by org.testng.reporters.JUnitReportReporter -->
<testsuite hostname="DESKTOP-H3RN2SF" failures="0" tests="1" name="com.dev.util.MyReport" time="0.020" errors="0" timestamp="2024-04-01T00:22:16 IST" skipped="0">
  <testcase classname="com.dev.util.MyReport" name="myReport" time="0.020"/>
  <system-out/>
</testsuite> <!-- com.dev.util.MyReport -->
